0 info it worked if it ends with ok
1 verbose cli [ 'node', '/usr/local/bin/npm', 'update', '-g', 'bower' ]
2 info using npm@1.3.14
3 info using node@v0.10.22
4 verbose url raw bower/latest
5 verbose url resolving [ 'https://registry.npmjs.org/', './bower/latest' ]
6 verbose url resolved https://registry.npmjs.org/bower/latest
7 info trying registry request attempt 1 at 16:34:41
8 verbose etag "O26F2LYVNSJ4250MGIDBGFL1"
9 http GET https://registry.npmjs.org/bower/latest
10 info outdated updating []
11 error Failed to parse json
11 error Unexpected end of input
12 error File: /usr/local/lib/node_modules/sails/node_modules/sails-disk/node_modules/async/package.json
13 error Failed to parse package.json data.
13 error package.json must be actual JSON, not just JavaScript.
13 error
13 error This is not a bug in npm.
13 error Tell the package author to fix their package.json file. JSON.parse
14 error System Darwin 14.1.0
15 error command "node" "/usr/local/bin/npm" "update" "-g" "bower"
16 error cwd /Users/daver/Development/Crosan/contratistas/cliente
17 error node -v v0.10.22
18 error npm -v 1.3.14
19 error file /usr/local/lib/node_modules/sails/node_modules/sails-disk/node_modules/async/package.json
20 error code EJSONPARSE
21 verbose exit [ 1, true ]
